<?xml version="1.0" encoding="UTF-8"?>
<!-- Generated by org.testng.reporters.JUnitXMLReporter -->
<testsuite ignored="0" hostname="DESKTOP-5PEM7KM" failures="0" tests="3" name="Default test" time="0.068" errors="0" timestamp="2025-03-08T19:39:15 GMT+04:00">
  <testcase classname="com.Testng.DataProviderExample_19" name="loginTest" time="0.015"/>
  <testcase classname="com.Testng.DataProviderExample_19" name="loginTest" time="0.005"/>
  <testcase classname="com.Testng.DataProviderExample_19" name="loginTest" time="0.001"/>
</testsuite> <!-- Default test -->
