<?xml version="1.0" encoding="UTF-8"?>
<!-- Generated by org.testng.reporters.JUnitXMLReporter -->
<testsuite ignored="3" hostname="DESKTOP-5PEM7KM" failures="0" tests="4" name="Test" time="0.063" errors="0" timestamp="2025-03-08T19:27:03 GMT+04:00">
  <testcase classname="com.Testng.TestNG_GRP_18" name="greenAndRed" time="0.013"/>
  <testcase classname="com.Testng.TestNG_GRP_18" name="red1" time="0.003"/>
  <testcase classname="com.Testng.TestNG_GRP_18" name="red2" time="0.003"/>
  <testcase classname="com.Testng.TestNG_GRP_18" name="red3" time="0.002"/>
  <testcase classname="com.Testng.TestNG_GRP_18" name="green2" time="0.0">
    <ignored/>
  </testcase> <!-- green2 -->
  <testcase classname="com.Testng.TestNG_GRP_18" name="green3" time="0.0">
    <ignored/>
  </testcase> <!-- green3 -->
  <testcase classname="com.Testng.TestNG_GRP_18" name="green1" time="0.0">
    <ignored/>
  </testcase> <!-- green1 -->
</testsuite> <!-- Test -->
