<?xml version="1.0" encoding="UTF-8"?>
<testng-results ignored="0" total="3" passed="3" failed="0" skipped="0">
  <reporter-output>
  </reporter-output>
  <suite started-at="2025-03-08T19:39:15 GMT+04:00" name="Default suite" finished-at="2025-03-08T19:39:15 GMT+04:00" duration-ms="68">
    <groups>
    </groups>
    <test started-at="2025-03-08T19:39:15 GMT+04:00" name="Default test" finished-at="2025-03-08T19:39:15 GMT+04:00" duration-ms="68">
      <class name="com.Testng.DataProviderExample_19">
        <test-method signature="loginTest(java.lang.String,java.lang.String)[pri:0, instance:com.Testng.DataProviderExample_19@1d2adfbe]" started-at="2025-03-08T19:39:15 GMT+04:00" name="loginTest" data-provider="loginData" finished-at="2025-03-08T19:39:15 GMT+04:00" duration-ms="15" status="PASS">
          <params>
            <param index="0">
              <value>
                <![CDATA[user1]]>
              </value>
            </param>
            <param index="1">
              <value>
                <![CDATA[password1]]>
              </value>
            </param>
          </params>
          <reporter-output>
          </reporter-output>
        </test-method> <!-- loginTest -->
        <test-method signature="loginTest(java.lang.String,java.lang.String)[pri:0, instance:com.Testng.DataProviderExample_19@1d2adfbe]" started-at="2025-03-08T19:39:15 GMT+04:00" name="loginTest" data-provider="loginData" finished-at="2025-03-08T19:39:15 GMT+04:00" duration-ms="5" status="PASS">
          <params>
            <param index="0">
              <value>
                <![CDATA[user2]]>
              </value>
            </param>
            <param index="1">
              <value>
                <![CDATA[password2]]>
              </value>
            </param>
          </params>
          <reporter-output>
          </reporter-output>
        </test-method> <!-- loginTest -->
        <test-method signature="loginTest(java.lang.String,java.lang.String)[pri:0, instance:com.Testng.DataProviderExample_19@1d2adfbe]" started-at="2025-03-08T19:39:15 GMT+04:00" name="loginTest" data-provider="loginData" finished-at="2025-03-08T19:39:15 GMT+04:00" duration-ms="1" status="PASS">
          <params>
            <param index="0">
              <value>
                <![CDATA[admin]]>
              </value>
            </param>
            <param index="1">
              <value>
                <![CDATA[admin123]]>
              </value>
            </param>
          </params>
          <reporter-output>
          </reporter-output>
        </test-method> <!-- loginTest -->
      </class> <!-- com.Testng.DataProviderExample_19 -->
    </test> <!-- Default test -->
  </suite> <!-- Default suite -->
</testng-results>
