<?xml version="1.0" encoding="UTF-8"?>
<testng-results ignored="0" total="2" passed="2" failed="0" skipped="0">
  <reporter-output>
  </reporter-output>
  <suite started-at="2025-05-07T00:19:19 GMT+04:00" name="Default suite" finished-at="2025-05-07T00:19:41 GMT+04:00" duration-ms="22463">
    <groups>
    </groups>
    <test started-at="2025-05-07T00:19:19 GMT+04:00" name="Default test" finished-at="2025-05-07T00:19:41 GMT+04:00" duration-ms="22463">
      <class name="com.FW.Guru99LoginTest">
        <test-method signature="testLogin(java.lang.String,java.lang.String)[pri:0, instance:com.FW.Guru99LoginTest@4550bb58]" started-at="2025-05-07T00:19:19 GMT+04:00" name="testLogin" data-provider="loginData" finished-at="2025-05-07T00:19:32 GMT+04:00" duration-ms="12334" status="PASS">
          <params>
            <param index="0">
              <value>
                <![CDATA[mngr621166]]>
              </value>
            </param>
            <param index="1">
              <value>
                <![CDATA[abAmusy]]>
              </value>
            </param>
          </params>
          <reporter-output>
          </reporter-output>
        </test-method> <!-- testLogin -->
        <test-method signature="testLogin(java.lang.String,java.lang.String)[pri:0, instance:com.FW.Guru99LoginTest@4550bb58]" started-at="2025-05-07T00:19:32 GMT+04:00" name="testLogin" data-provider="loginData" finished-at="2025-05-07T00:19:41 GMT+04:00" duration-ms="9488" status="PASS">
          <params>
            <param index="0">
              <value>
                <![CDATA[qer]]>
              </value>
            </param>
            <param index="1">
              <value>
                <![CDATA[nxj]]>
              </value>
            </param>
          </params>
          <reporter-output>
          </reporter-output>
        </test-method> <!-- testLogin -->
      </class> <!-- com.FW.Guru99LoginTest -->
    </test> <!-- Default test -->
  </suite> <!-- Default suite -->
</testng-results>
